*[INFO ]-- Starting LibraryApplicationTests on 3FTRN4146 with PID 26764 (started by sathish.d in D:\Sathish\Springboot\Library)--
*[INFO ]-- No active profile set, falling back to default profiles: default--
*[INFO ]-- HikariPool-1 - Starting...--
*[INFO ]-- HikariPool-1 - Start completed.--
*[INFO ]-- Context refreshed--
*[INFO ]-- Found 1 custom documentation plugin(s)--
*[INFO ]-- Scanning for api listing references--
*[INFO ]-- Generating unique operation named: deleteUsingDELETE_1--
*[INFO ]-- Generating unique operation named: findoneUsingGET_1--
*[INFO ]-- Generating unique operation named: readUsingGET_1--
*[INFO ]-- Generating unique operation named: updateUsingPUT_1--
*[INFO ]-- Generating unique operation named: deleteUsingDELETE_2--
*[INFO ]-- Generating unique operation named: readUsingGET_2--
*[INFO ]-- Generating unique operation named: savebookUsingPOST_1--
*[INFO ]-- Generating unique operation named: updateUsingPUT_2--
*[INFO ]-- Generating unique operation named: findoneUsingGET_2--
*[INFO ]-- Generating unique operation named: deleteUsingDELETE_3--
*[INFO ]-- Generating unique operation named: readUsingGET_3--
*[INFO ]-- Generating unique operation named: savebookrLikereviewUsingPOST_1--
*[INFO ]-- Generating unique operation named: updateUsingPUT_3--
*[INFO ]-- Started LibraryApplicationTests in 9.541 seconds (JVM running for 10.87)--
*[INFO ]-- HikariPool-1 - Shutdown initiated...--
*[INFO ]-- HikariPool-1 - Shutdown completed.--
*[INFO ]-- Starting LibraryApplication on 3FTRN4146 with PID 26452 (D:\Sathish\Springboot\Library\target\classes started by sathish.d in D:\Sathish\Springboot\Library)--
*[INFO ]-- No active profile set, falling back to default profiles: default--
*[INFO ]-- Starting service [Tomcat]--
*[INFO ]-- Starting Servlet Engine: Apache Tomcat/8.5.32--
*[INFO ]-- The APR based Apache Tomcat Native library which allows optimal performance in production environments was not found on the java.library.path: [C:\Program Files\Java\jdk1.8.0_112\bin;C:\WINDOWS\Sun\Java\bin;C:\WINDOWS\system32;C:\WINDOWS;C:\ProgramData\Oracle\Java\javapath;C:\Program Files\Common Files\Microsoft Shared\Windows Live;C:\WINDOWS\system32;C:\WINDOWS;C:\WINDOWS\System32\Wbem;C:\WINDOWS\System32\WindowsPowerShell\v1.0\;C:\Program Files\sourceforge\ipmiutil\;C:\Program Files\Windows Live\Shared;C:\cwRsync\bin;C:\Android;C:\Windows\System32;C:\Program Files\nodejs\;D:\apache-maven-3.5.0\bin;C:\Program Files\Java;C:\Program Files\Google\Chrome\Application;C:\Users\sathish.d\AppData\Local\Programs\Git\cmd;.]--
*[INFO ]-- Initializing Spring embedded WebApplicationContext--
*[INFO ]-- HikariPool-1 - Starting...--
*[INFO ]-- HikariPool-1 - Start completed.--
*[INFO ]-- Context refreshed--
*[INFO ]-- Found 1 custom documentation plugin(s)--
*[INFO ]-- Scanning for api listing references--
*[INFO ]-- Generating unique operation named: deleteUsingDELETE_1--
*[INFO ]-- Generating unique operation named: findoneUsingGET_1--
*[INFO ]-- Generating unique operation named: readUsingGET_1--
*[INFO ]-- Generating unique operation named: updateUsingPUT_1--
*[INFO ]-- Generating unique operation named: deleteUsingDELETE_2--
*[INFO ]-- Generating unique operation named: readUsingGET_2--
*[INFO ]-- Generating unique operation named: savebookUsingPOST_1--
*[INFO ]-- Generating unique operation named: updateUsingPUT_2--
*[INFO ]-- Generating unique operation named: findoneUsingGET_2--
*[INFO ]-- Generating unique operation named: deleteUsingDELETE_3--
*[INFO ]-- Generating unique operation named: readUsingGET_3--
*[INFO ]-- Generating unique operation named: savebookrLikereviewUsingPOST_1--
*[INFO ]-- Generating unique operation named: updateUsingPUT_3--
*[INFO ]-- Started LibraryApplication in 8.357 seconds (JVM running for 13.93)--
*[INFO ]-- HikariPool-1 - Shutdown initiated...--
*[INFO ]-- HikariPool-1 - Shutdown completed.--
*[INFO ]-- Starting LibraryApplicationTests on 3FTRN4146 with PID 25820 (started by sathish.d in D:\Sathish\Springboot\Library)--
*[INFO ]-- No active profile set, falling back to default profiles: default--
*[INFO ]-- HikariPool-1 - Starting...--
*[INFO ]-- HikariPool-1 - Start completed.--
*[INFO ]-- Context refreshed--
*[INFO ]-- Found 1 custom documentation plugin(s)--
*[INFO ]-- Scanning for api listing references--
*[INFO ]-- Generating unique operation named: deleteUsingDELETE_1--
*[INFO ]-- Generating unique operation named: findoneUsingGET_1--
*[INFO ]-- Generating unique operation named: readUsingGET_1--
*[INFO ]-- Generating unique operation named: updateUsingPUT_1--
*[INFO ]-- Generating unique operation named: deleteUsingDELETE_2--
*[INFO ]-- Generating unique operation named: readUsingGET_2--
*[INFO ]-- Generating unique operation named: savebookUsingPOST_1--
*[INFO ]-- Generating unique operation named: updateUsingPUT_2--
*[INFO ]-- Generating unique operation named: findoneUsingGET_2--
*[INFO ]-- Generating unique operation named: deleteUsingDELETE_3--
*[INFO ]-- Generating unique operation named: readUsingGET_3--
*[INFO ]-- Generating unique operation named: savebookrLikereviewUsingPOST_1--
*[INFO ]-- Generating unique operation named: updateUsingPUT_3--
*[INFO ]-- Started LibraryApplicationTests in 16.055 seconds (JVM running for 18.068)--
*[INFO ]-- HikariPool-1 - Shutdown initiated...--
*[INFO ]-- HikariPool-1 - Shutdown completed.--
*[INFO ]-- Starting LibraryApplication on 3FTRN4146 with PID 22412 (D:\Sathish\Springboot\Library\target\classes started by sathish.d in D:\Sathish\Springboot\Library)--
*[INFO ]-- No active profile set, falling back to default profiles: default--
*[INFO ]-- Starting service [Tomcat]--
*[INFO ]-- Starting Servlet Engine: Apache Tomcat/8.5.32--
*[INFO ]-- The APR based Apache Tomcat Native library which allows optimal performance in production environments was not found on the java.library.path: [C:\Program Files\Java\jdk1.8.0_112\bin;C:\WINDOWS\Sun\Java\bin;C:\WINDOWS\system32;C:\WINDOWS;C:\ProgramData\Oracle\Java\javapath;C:\Program Files\Common Files\Microsoft Shared\Windows Live;C:\WINDOWS\system32;C:\WINDOWS;C:\WINDOWS\System32\Wbem;C:\WINDOWS\System32\WindowsPowerShell\v1.0\;C:\Program Files\sourceforge\ipmiutil\;C:\Program Files\Windows Live\Shared;C:\cwRsync\bin;C:\Android;C:\Windows\System32;C:\Program Files\nodejs\;D:\apache-maven-3.5.0\bin;C:\Program Files\Java;C:\Program Files\Google\Chrome\Application;C:\Users\sathish.d\AppData\Local\Programs\Git\cmd;.]--
*[INFO ]-- Initializing Spring embedded WebApplicationContext--
*[INFO ]-- HikariPool-1 - Starting...--
*[INFO ]-- HikariPool-1 - Start completed.--
*[INFO ]-- Context refreshed--
*[INFO ]-- Found 1 custom documentation plugin(s)--
*[INFO ]-- Scanning for api listing references--
*[INFO ]-- Generating unique operation named: deleteUsingDELETE_1--
*[INFO ]-- Generating unique operation named: findoneUsingGET_1--
*[INFO ]-- Generating unique operation named: readUsingGET_1--
*[INFO ]-- Generating unique operation named: updateUsingPUT_1--
*[INFO ]-- Generating unique operation named: deleteUsingDELETE_2--
*[INFO ]-- Generating unique operation named: readUsingGET_2--
*[INFO ]-- Generating unique operation named: savebookUsingPOST_1--
*[INFO ]-- Generating unique operation named: updateUsingPUT_2--
*[INFO ]-- Generating unique operation named: findoneUsingGET_2--
*[INFO ]-- Generating unique operation named: deleteUsingDELETE_3--
*[INFO ]-- Generating unique operation named: readUsingGET_3--
*[INFO ]-- Generating unique operation named: savebookrLikereviewUsingPOST_1--
*[INFO ]-- Generating unique operation named: updateUsingPUT_3--
*[INFO ]-- Started LibraryApplication in 10.297 seconds (JVM running for 15.604)--
*[INFO ]-- Initializing Spring FrameworkServlet 'dispatcherServlet'--
*[INFO ]-- HikariPool-1 - Shutdown initiated...--
*[INFO ]-- HikariPool-1 - Shutdown completed.--
